<?xml version="1.0" encoding="UTF-8"?>
<!-- Generated by org.testng.reporters.JUnitReportReporter -->
<testsuite hostname="Hemant" name="Hybrent4_0_0rc1.Inventory_Receive" tests="3" failures="0" timestamp="29 Aug 2022 06:49:11 GMT" time="124.627" errors="0">
  <testcase name="VerifyCompleteInventoryRecieve" time="13.246" classname="Hybrent4_0_0rc1.Inventory_Receive"/>
  <testcase name="CreateVendorSignature" time="65.945" classname="Hybrent4_0_0rc1.Inventory_Receive"/>
  <testcase name="VerifyInventoryRecieveButtonTap" time="45.436" classname="Hybrent4_0_0rc1.Inventory_Receive"/>
</testsuite> <!-- Hybrent4_0_0rc1.Inventory_Receive -->
