<?xml version="1.0" encoding="UTF-8"?>
<!-- Generated by org.testng.reporters.JUnitReportReporter -->
<testsuite hostname="Hemant" name="Hybrent4_0_0rc1.Invoice" tests="3" failures="0" timestamp="29 Aug 2022 06:49:10 GMT" time="211.656" errors="0">
  <testcase name="VerifyProcessedInvoice" time="73.881" classname="Hybrent4_0_0rc1.Invoice"/>
  <testcase name="VerifyInvoiceButtonTap" time="132.146" classname="Hybrent4_0_0rc1.Invoice"/>
  <testcase name="VerifyInvoiceDeatilPage" time="5.629" classname="Hybrent4_0_0rc1.Invoice"/>
</testsuite> <!-- Hybrent4_0_0rc1.Invoice -->
