<?xml version="1.0" encoding="UTF-8"?>
<!-- Generated by org.testng.reporters.JUnitReportReporter -->
<testsuite hostname="Hemant" name="Hybrent4_0_0rc1.Login" tests="6" failures="0" timestamp="29 Aug 2022 06:49:10 GMT" time="68.700" errors="0">
  <testcase name="LoginWithValidCrednetials" time="17.068" classname="Hybrent4_0_0rc1.Login"/>
  <testcase name="VerifyWithInvalidSiteNameEnter" time="7.981" classname="Hybrent4_0_0rc1.Login"/>
  <testcase name="VerifyWithValidSiteNameEnter" time="8.037" classname="Hybrent4_0_0rc1.Login"/>
  <testcase name="LoginWithBlankCrednetials" time="10.957" classname="Hybrent4_0_0rc1.Login"/>
  <testcase name="LoginWithInvalidCrednetials" time="10.472" classname="Hybrent4_0_0rc1.Login"/>
  <testcase name="VerifyWithBlankSiteNameEnter" time="14.185" classname="Hybrent4_0_0rc1.Login"/>
</testsuite> <!-- Hybrent4_0_0rc1.Login -->
