<?xml version="1.0" encoding="UTF-8"?>
<!-- Generated by org.testng.reporters.JUnitReportReporter -->
<testsuite hostname="Hemant" name="Hybrent4_0_0rc1.Inventory_Transfer" tests="3" failures="0" timestamp="29 Aug 2022 06:49:11 GMT" time="51.076" errors="0">
  <testcase name="VerifyInventoryTransferButtonTap" time="19.074" classname="Hybrent4_0_0rc1.Inventory_Transfer"/>
  <testcase name="VerifyCompleteInventoryTransfer" time="3.733" classname="Hybrent4_0_0rc1.Inventory_Transfer"/>
  <testcase name="VerifyAddItemTransfer" time="28.269" classname="Hybrent4_0_0rc1.Inventory_Transfer"/>
</testsuite> <!-- Hybrent4_0_0rc1.Inventory_Transfer -->
