<?xml version="1.0" encoding="UTF-8"?>
<!-- Generated by org.testng.reporters.JUnitReportReporter -->
<testsuite hostname="Hemant" name="Hybrent4_0_0rc1.BillAndReplace" tests="5" failures="0" timestamp="29 Aug 2022 06:49:11 GMT" time="629.770" errors="0">
  <testcase name="Recieve_BillAndReplace_PO" time="338.445" classname="Hybrent4_0_0rc1.BillAndReplace"/>
  <testcase name="Verify_BillAndReplace_PO" time="144.495" classname="Hybrent4_0_0rc1.BillAndReplace"/>
  <testcase name="VerifyAddItem_BillAndReplace" time="14.036" classname="Hybrent4_0_0rc1.BillAndReplace"/>
  <testcase name="Generate_BillAndReplace_PO" time="77.922" classname="Hybrent4_0_0rc1.BillAndReplace"/>
  <testcase name="VerifyTap_BillAndReplace" time="54.872" classname="Hybrent4_0_0rc1.BillAndReplace"/>
</testsuite> <!-- Hybrent4_0_0rc1.BillAndReplace -->
