<?xml version="1.0" encoding="UTF-8"?>
<!-- Generated by org.testng.reporters.JUnitReportReporter -->
<testsuite hostname="Hemant" name="Hybrent4_0_0rc1.ScanIn" tests="3" failures="0" timestamp="29 Aug 2022 06:49:10 GMT" time="64.190" errors="0">
  <testcase name="Verify_ScanInButtonTap" time="17.419" classname="Hybrent4_0_0rc1.ScanIn"/>
  <testcase name="VerifyAddItem_ScanIn" time="23.285" classname="Hybrent4_0_0rc1.ScanIn"/>
  <testcase name="Verify_Complete_ScanIn" time="23.486" classname="Hybrent4_0_0rc1.ScanIn"/>
</testsuite> <!-- Hybrent4_0_0rc1.ScanIn -->
