<?xml version="1.0" encoding="UTF-8"?>
<!-- Generated by org.testng.reporters.JUnitReportReporter -->
<testsuite hostname="Hemant" name="Hybrent4_0_0rc1.Cart" tests="3" failures="0" timestamp="29 Aug 2022 06:49:11 GMT" time="212.470" errors="0">
  <testcase name="Create_Order" time="46.768" classname="Hybrent4_0_0rc1.Cart"/>
  <testcase name="Verify_Cart" time="123.836" classname="Hybrent4_0_0rc1.Cart"/>
  <testcase name="Verify_ADDItemsFromCart" time="41.866" classname="Hybrent4_0_0rc1.Cart"/>
</testsuite> <!-- Hybrent4_0_0rc1.Cart -->
