<?xml version="1.0" encoding="UTF-8"?>
<!-- Generated by org.testng.reporters.JUnitReportReporter -->
<testsuite hostname="Hemant" name="Hybrent4_0_0rc1.BillOnly" tests="6" failures="0" timestamp="29 Aug 2022 06:49:11 GMT" time="151.988" errors="0">
  <testcase name="GenerateOrderBillOnly" time="27.015" classname="Hybrent4_0_0rc1.BillOnly"/>
  <testcase name="VerifyAddCases" time="32.008" classname="Hybrent4_0_0rc1.BillOnly"/>
  <testcase name="VerifyAddNewItemBillOnly" time="32.720" classname="Hybrent4_0_0rc1.BillOnly"/>
  <testcase name="VendorSignature" time="12.981" classname="Hybrent4_0_0rc1.BillOnly"/>
  <testcase name="VerifyBillOnlyButtonTap" time="19.637" classname="Hybrent4_0_0rc1.BillOnly"/>
  <testcase name="HospitalSignature" time="27.627" classname="Hybrent4_0_0rc1.BillOnly"/>
</testsuite> <!-- Hybrent4_0_0rc1.BillOnly -->
