<?xml version="1.0" encoding="UTF-8"?>
<!-- Generated by org.testng.reporters.JUnitReportReporter -->
<testsuite hostname="Hemant" name="Hybrent4_0_0rc1.Receive_Orders" tests="3" failures="0" timestamp="29 Aug 2022 06:49:10 GMT" time="76.478" errors="0">
  <testcase name="VerifySearch_Order" time="5.609" classname="Hybrent4_0_0rc1.Receive_Orders"/>
  <testcase name="VerifyTap_ReceiveOrder" time="41.663" classname="Hybrent4_0_0rc1.Receive_Orders"/>
  <testcase name="Verify_ReceiveOrder" time="29.206" classname="Hybrent4_0_0rc1.Receive_Orders"/>
</testsuite> <!-- Hybrent4_0_0rc1.Receive_Orders -->
