<?xml version="1.0" encoding="UTF-8"?>
<!-- Generated by org.testng.reporters.JUnitReportReporter -->
<testsuite hostname="Hemant" name="Hybrent4_0_0rc1.Shipment" tests="1" failures="0" timestamp="29 Aug 2022 06:49:11 GMT" time="78.381" errors="0">
  <testcase name="VerifyShipmentButtonTap" time="78.381" classname="Hybrent4_0_0rc1.Shipment"/>
</testsuite> <!-- Hybrent4_0_0rc1.Shipment -->
