<?xml version="1.0" encoding="UTF-8"?>
<!-- Generated by org.testng.reporters.JUnitReportReporter -->
<testsuite hostname="Hemant" name="Hybrent4_0_0rc1.Profile" tests="2" failures="0" timestamp="29 Aug 2022 06:49:10 GMT" time="72.317" errors="0">
  <testcase name="VerifyProfileScreen" time="30.532" classname="Hybrent4_0_0rc1.Profile"/>
  <testcase name="VerifyProfileButtonTap" time="41.785" classname="Hybrent4_0_0rc1.Profile"/>
</testsuite> <!-- Hybrent4_0_0rc1.Profile -->
