<?xml version="1.0" encoding="UTF-8"?>
<!-- Generated by org.testng.reporters.JUnitReportReporter -->
<testsuite hostname="Hemant" name="Hybrent4_0_0rc1.Cycle_Count" tests="8" failures="0" timestamp="29 Aug 2022 06:49:11 GMT" time="172.111" errors="0">
  <testcase name="Verify_CycleCount" time="4.428" classname="Hybrent4_0_0rc1.Cycle_Count"/>
  <testcase name="VerifyCycleCountPage" time="31.277" classname="Hybrent4_0_0rc1.Cycle_Count"/>
  <testcase name="CompleteCycleCount" time="45.257" classname="Hybrent4_0_0rc1.Cycle_Count"/>
  <testcase name="VerifyIntiateCycleCount" time="31.306" classname="Hybrent4_0_0rc1.Cycle_Count"/>
  <testcase name="VerifyCycleCountButtonTap" time="19.775" classname="Hybrent4_0_0rc1.Cycle_Count"/>
  <testcase name="VerifyNewItem" time="20.895" classname="Hybrent4_0_0rc1.Cycle_Count"/>
  <testcase name="VerifyCountedItem" time="5.609" classname="Hybrent4_0_0rc1.Cycle_Count"/>
  <testcase name="VerifyNotCountedItem" time="13.564" classname="Hybrent4_0_0rc1.Cycle_Count"/>
</testsuite> <!-- Hybrent4_0_0rc1.Cycle_Count -->
