<?xml version="1.0" encoding="UTF-8"?>
<!-- Generated by org.testng.reporters.JUnitReportReporter -->
<testsuite hostname="Hemant" name="Hybrent4_0_0rc1.Logout" tests="2" failures="0" timestamp="29 Aug 2022 06:49:10 GMT" time="45.010" errors="0">
  <testcase name="VerifyLogout" time="0.211" classname="Hybrent4_0_0rc1.Logout"/>
  <testcase name="VerifyLogoutButtonTap" time="44.799" classname="Hybrent4_0_0rc1.Logout"/>
</testsuite> <!-- Hybrent4_0_0rc1.Logout -->
