<?xml version="1.0" encoding="UTF-8"?>
<!-- Generated by org.testng.reporters.JUnitReportReporter -->
<testsuite hostname="Hemant" name="Hybrent4_0_0rc1.Settings" tests="2" failures="0" timestamp="29 Aug 2022 06:49:11 GMT" time="42.174" errors="0">
  <testcase name="VerifySettingsButtonTap" time="11.378" classname="Hybrent4_0_0rc1.Settings"/>
  <testcase name="VerifySettingsScreen" time="30.796" classname="Hybrent4_0_0rc1.Settings"/>
</testsuite> <!-- Hybrent4_0_0rc1.Settings -->
