<?xml version="1.0" encoding="UTF-8"?>
<!-- Generated by org.testng.reporters.JUnitReportReporter -->
<testsuite hostname="Hemant" name="Hybrent4_0_0rc1.ScanOut" tests="3" failures="0" timestamp="29 Aug 2022 06:49:10 GMT" time="75.959" errors="0">
  <testcase name="Verify_Complete_ScanOut" time="53.712" classname="Hybrent4_0_0rc1.ScanOut"/>
  <testcase name="Verify_AddItemScanOut" time="10.203" classname="Hybrent4_0_0rc1.ScanOut"/>
  <testcase name="Verify_ScanOutButtonTap" time="12.044" classname="Hybrent4_0_0rc1.ScanOut"/>
</testsuite> <!-- Hybrent4_0_0rc1.ScanOut -->
