<?xml version="1.0" encoding="UTF-8"?>
<!-- Generated by org.testng.reporters.JUnitReportReporter -->
<testsuite hostname="Hemant" name="Hybrent4_0_0rc1.Claim" tests="5" failures="0" timestamp="29 Aug 2022 06:49:11 GMT" time="81.909" errors="0">
  <testcase name="VerifyStartNewClaimButtonTap" time="12.410" classname="Hybrent4_0_0rc1.Claim"/>
  <testcase name="Verify_PatientSignature" time="24.989" classname="Hybrent4_0_0rc1.Claim"/>
  <testcase name="VerifyStartNewClaimPage" time="13.893" classname="Hybrent4_0_0rc1.Claim"/>
  <testcase name="VerifyAddItemInClaim" time="22.254" classname="Hybrent4_0_0rc1.Claim"/>
  <testcase name="VerifyClaimCreation" time="8.363" classname="Hybrent4_0_0rc1.Claim"/>
</testsuite> <!-- Hybrent4_0_0rc1.Claim -->
